<?xml version="1.0" encoding="UTF-8" standalone="no"?><testsuite errors="0" failures="1" name="Ver lista actualizada de asientos disponibles durante la selección." skipped="0" tests="1" time="0.09" timestamp="2024-05-24 12:03:41"><testcase name="Ver lista actualizada de asientos disponibles."><failure message="&#10;Expected: is &lt;false&gt;&#10;     but: was &lt;true&gt;" type="java.lang.AssertionError">
Expected: is &lt;false&gt;
     but: was &lt;true&gt;</failure><system-err>
Expected: is &lt;false&gt;
     but: was &lt;true&gt;
co.com.udea.certificacion.autenticacion.stepdefinitions.VerListaAsientosStepDefinition.veoLaListaDeAsientosDisponibles(VerListaAsientosStepDefinition.java:58)
worker.org.gradle.process.internal.worker.GradleWorkerMain.run(GradleWorkerMain.java:69)
worker.org.gradle.process.internal.worker.GradleWorkerMain.main(GradleWorkerMain.java:74)
</system-err></testcase></testsuite>