<?xml version="1.0" encoding="UTF-8" standalone="no"?><testsuite errors="0" failures="2" name="Ver precios de los asientos en la lista de pasajeros." skipped="0" tests="2" time="0.57" timestamp="2024-05-25 07:50:38"><testcase name="Consulta exitosa de precios de asientos asignados a pasajeros."><failure message="&#10;Expected: is &lt;true&gt;&#10;     but: was &lt;false&gt;" type="java.lang.AssertionError">
Expected: is &lt;true&gt;
     but: was &lt;false&gt;</failure><system-err>
Expected: is &lt;true&gt;
     but: was &lt;false&gt;
co.com.udea.test.modulogestionasientos.stepdefinitions.VerPreciosListaPasajerosStepDefinition.deboVerEnLaListaDePasajerosLosPreciosDeLosAsientosSeleccionadosEnFormatoCOP(VerPreciosListaPasajerosStepDefinition.java:58)
worker.org.gradle.process.internal.worker.GradleWorkerMain.run(GradleWorkerMain.java:69)
worker.org.gradle.process.internal.worker.GradleWorkerMain.main(GradleWorkerMain.java:74)
</system-err></testcase><testcase name="uno o mas pasajeros no tienen asientos seleccionados."><failure message="&#10;Expected: is &lt;true&gt;&#10;     but: was &lt;false&gt;" type="java.lang.AssertionError">
Expected: is &lt;true&gt;
     but: was &lt;false&gt;</failure><system-err>
Expected: is &lt;true&gt;
     but: was &lt;false&gt;
co.com.udea.test.modulogestionasientos.stepdefinitions.VerPreciosListaPasajerosStepDefinition.deboVerLaListaDePreciosDeAsientosPorCadaPasajeroEnFormatoCOP(VerPreciosListaPasajerosStepDefinition.java:77)
worker.org.gradle.process.internal.worker.GradleWorkerMain.run(GradleWorkerMain.java:69)
worker.org.gradle.process.internal.worker.GradleWorkerMain.main(GradleWorkerMain.java:74)
</system-err></testcase></testsuite>